Script started on 2020-04-17 23:24:47-0400
]0;ycdjun@DESKTOP-23I9KR1: ~/i240b/submit/lab10[01;32mycdjun@DESKTOP-23I9KR1[00m:[01;34m~/i240b/submit/lab10[00m$ cp -r ~/cs240/labs/lab10/exercises .
]0;ycdjun@DESKTOP-23I9KR1: ~/i240b/submit/lab10[01;32mycdjun@DESKTOP-23I9KR1[00m:[01;34m~/i240b/submit/lab10[00m$ ls
[0m[34;42mexercises[0m  lab10.LOG
]0;ycdjun@DESKTOP-23I9KR1: ~/i240b/submit/lab10[01;32mycdjun@DESKTOP-23I9KR1[00m:[01;34m~/i240b/submit/lab10[00m$ ccd[K[Kd exercises/
]0;ycdjun@DESKTOP-23I9KR1: ~/i240b/submit/lab10/exercises[01;32mycdjun@DESKTOP-23I9KR1[00m:[01;34m~/i240b/submit/lab10/exercises[00m$ make -f ../Makefile main
make: ../Makefile: No such file or directory
make: *** No rule to make target '../Makefile'.  Stop.
]0;ycdjun@DESKTOP-23I9KR1: ~/i240b/submit/lab10/exercises[01;32mycdjun@DESKTOP-23I9KR1[00m:[01;34m~/i240b/submit/lab10/exercises[00m$ ls
[0m[34;42m1-fact[0m  [34;42m2-tdd[0m  Makefile
]0;ycdjun@DESKTOP-23I9KR1: ~/i240b/submit/lab10/exercises[01;32mycdjun@DESKTOP-23I9KR1[00m:[01;34m~/i240b/submit/lab10/exercises[00m$ cd 1-fact/
]0;ycdjun@DESKTOP-23I9KR1: ~/i240b/submit/lab10/exercises/1-fact[01;32mycdjun@DESKTOP-23I9KR1[00m:[01;34m~/i240b/submit/lab10/exercises/1-fact[00m$ cd 1-fact/ls[Kmake -f ../Makefile main
g++ -I /home/ycdjun/cs240/include -MT main.o -MMD -MP -MF .deps/main.d -g -Wall -std=c++17 -c main.cc
g++ -I /home/ycdjun/cs240/include -MT fact.o -MMD -MP -MF .deps/fact.d -g -Wall -std=c++17 -c fact.cc
g++ main.o fact.o -o main
]0;ycdjun@DESKTOP-23I9KR1: ~/i240b/submit/lab10/exercises/1-fact[01;32mycdjun@DESKTOP-23I9KR1[00m:[01;34m~/i240b/submit/lab10/exercises/1-fact[00m$ ./main 2 4[K3 5 10
2
6
120
3628800
]0;ycdjun@DESKTOP-23I9KR1: ~/i240b/submit/lab10/exercises/1-fact[01;32mycdjun@DESKTOP-23I9KR1[00m:[01;34m~/i240b/submit/lab10/exercises/1-fact[00m$ emacs [K[K[K[K[K[Kgedit test-main.cc &
[1] 99
]0;ycdjun@DESKTOP-23I9KR1: ~/i240b/submit/lab10/exercises/1-fact[01;32mycdjun@DESKTOP-23I9KR1[00m:[01;34m~/i240b/submit/lab10/exercises/1-fact[00m$ 
** (gedit:99): [1;33mWARNING[0m **: [34m23:29:17.135[0m: Set document metadata failed: Setting attribute metadata::gedit-position not supported

[1]+  Done                    gedit test-main.cc
]0;ycdjun@DESKTOP-23I9KR1: ~/i240b/submit/lab10/exercises/1-fact[01;32mycdjun@DESKTOP-23I9KR1[00m:[01;34m~/i240b/submit/lab10/exercises/1-fact[00m$ gedit test-main.cc &[K[K[K[K[K[K[K[K[K[K[K[K[K[K[K[K[K[K[K[K./main 2 3 5 10make -f ../Makefile main
make: 'main' is up to date.
]0;ycdjun@DESKTOP-23I9KR1: ~/i240b/submit/lab10/exercises/1-fact[01;32mycdjun@DESKTOP-23I9KR1[00m:[01;34m~/i240b/submit/lab10/exercises/1-fact[00m$ ./test-main
bash: ./test-main: No such file or directory
]0;ycdjun@DESKTOP-23I9KR1: ~/i240b/submit/lab10/exercises/1-fact[01;32mycdjun@DESKTOP-23I9KR1[00m:[01;34m~/i240b/submit/lab10/exercises/1-fact[00m$ ls
fact.cc  fact.hh  fact.o  [0m[01;32mmain[0m  main.cc  main.o  test-main.cc
]0;ycdjun@DESKTOP-23I9KR1: ~/i240b/submit/lab10/exercises/1-fact[01;32mycdjun@DESKTOP-23I9KR1[00m:[01;34m~/i240b/submit/lab10/exercises/1-fact[00m$ ls./test-mainmake -f ../Makefile main[K[K[K[Ktest-main
g++ -I /home/ycdjun/cs240/include -MT test-main.o -MMD -MP -MF .deps/test-main.d -g -Wall -std=c++17 -c test-main.cc
g++ test-main.o fact.o -o test-main
]0;ycdjun@DESKTOP-23I9KR1: ~/i240b/submit/lab10/exercises/1-fact[01;32mycdjun@DESKTOP-23I9KR1[00m:[01;34m~/i240b/submit/lab10/exercises/1-fact[00m$ ./m[Ktest-main 
[1;31m[0m[1;33m[0m[1;32m===============================================================================[0m
[1;32mAll tests passed[0m (4 assertions in 1 test case)

]0;ycdjun@DESKTOP-23I9KR1: ~/i240b/submit/lab10/exercises/1-fact[01;32mycdjun@DESKTOP-23I9KR1[00m:[01;34m~/i240b/submit/lab10/exercises/1-fact[00m$ ./main 0
0
]0;ycdjun@DESKTOP-23I9KR1: ~/i240b/submit/lab10/exercises/1-fact[01;32mycdjun@DESKTOP-23I9KR1[00m:[01;34m~/i240b/submit/lab10/exercises/1-fact[00m$ ./main[K[Kte[K[K[K[K[K[Kgeidt [K[K[K[Kgedi[K[K[K[Kdit test-main.cc &
[1] 181
]0;ycdjun@DESKTOP-23I9KR1: ~/i240b/submit/lab10/exercises/1-fact[01;32mycdjun@DESKTOP-23I9KR1[00m:[01;34m~/i240b/submit/lab10/exercises/1-fact[00m$ 
** (gedit:181): [1;33mWARNING[0m **: [34m23:34:09.999[0m: Set document metadata failed: Setting attribute metadata::gedit-spell-language not supported

** (gedit:181): [1;33mWARNING[0m **: [34m23:34:09.999[0m: Set document metadata failed: Setting attribute metadata::gedit-encoding not supported

[1]+  Done                    gedit test-main.cc
]0;ycdjun@DESKTOP-23I9KR1: ~/i240b/submit/lab10/exercises/1-fact[01;32mycdjun@DESKTOP-23I9KR1[00m:[01;34m~/i240b/submit/lab10/exercises/1-fact[00m$ gedit test-main.cc &[12P./main 0test-main make -f ../Makefile test-main
g++ -I /home/ycdjun/cs240/include -MT test-main.o -MMD -MP -MF .deps/test-main.d -g -Wall -std=c++17 -c test-main.cc
g++ test-main.o fact.o -o test-main
]0;ycdjun@DESKTOP-23I9KR1: ~/i240b/submit/lab10/exercises/1-fact[01;32mycdjun@DESKTOP-23I9KR1[00m:[01;34m~/i240b/submit/lab10/exercises/1-fact[00m$ make -f ../Makefile test-main[9Pgedit test-main.cc &[12P./main 0test-main 

~~~~~~~~~~~~~~~~~~~~~~~~~~~~~~~~~~~~~~~~~~~~~~~~~~~~~~~~~~~~~~~~~~~~~~~~~~~~~~~
[0;37mtest-main is a Catch v2.11.3 host application.
Run with -? for options

[0m-------------------------------------------------------------------------------
[0mFactorials are computed
[0m-------------------------------------------------------------------------------
[0;37mtest-main.cc:7
...............................................................................

[0m[0;37mtest-main.cc:8: [0m[1;31mFAILED:
[0m[0;36m  REQUIRE( fact(0) == 1 )
[0mwith expansion:
[1;33m  0 == 1
[0m
[1;31m===============================================================================[0m[1;33m[0m[0;32m[0m
test cases: 1[0;37m | [0m[1;31m1 failed[0m
assertions: 1[0;37m | [0m[1;31m1 failed[0m

]0;ycdjun@DESKTOP-23I9KR1: ~/i240b/submit/lab10/exercises/1-fact[01;32mycdjun@DESKTOP-23I9KR1[00m:[01;34m~/i240b/submit/lab10/exercises/1-fact[00m$ gedit b[Kfact.cc &
[1] 220
]0;ycdjun@DESKTOP-23I9KR1: ~/i240b/submit/lab10/exercises/1-fact[01;32mycdjun@DESKTOP-23I9KR1[00m:[01;34m~/i240b/submit/lab10/exercises/1-fact[00m$ 
** (gedit:220): [1;33mWARNING[0m **: [34m23:39:55.738[0m: Set document metadata failed: Setting attribute metadata::gedit-spell-language not supported

** (gedit:220): [1;33mWARNING[0m **: [34m23:39:55.738[0m: Set document metadata failed: Setting attribute metadata::gedit-encoding not supported

** (gedit:220): [1;33mWARNING[0m **: [34m23:39:57.858[0m: Set document metadata failed: Setting attribute metadata::gedit-position not supported

[1]+  Done                    gedit fact.cc
]0;ycdjun@DESKTOP-23I9KR1: ~/i240b/submit/lab10/exercises/1-fact[01;32mycdjun@DESKTOP-23I9KR1[00m:[01;34m~/i240b/submit/lab10/exercises/1-fact[00m$ gedit fact.cc &[3P./test-main 

~~~~~~~~~~~~~~~~~~~~~~~~~~~~~~~~~~~~~~~~~~~~~~~~~~~~~~~~~~~~~~~~~~~~~~~~~~~~~~~
[0;37mtest-main is a Catch v2.11.3 host application.
Run with -? for options

[0m-------------------------------------------------------------------------------
[0mFactorials are computed
[0m-------------------------------------------------------------------------------
[0;37mtest-main.cc:7
...............................................................................

[0m[0;37mtest-main.cc:8: [0m[1;31mFAILED:
[0m[0;36m  REQUIRE( fact(0) == 1 )
[0mwith expansion:
[1;33m  0 == 1
[0m
[1;31m===============================================================================[0m[1;33m[0m[0;32m[0m
test cases: 1[0;37m | [0m[1;31m1 failed[0m
assertions: 1[0;37m | [0m[1;31m1 failed[0m

]0;ycdjun@DESKTOP-23I9KR1: ~/i240b/submit/lab10/exercises/1-fact[01;32mycdjun@DESKTOP-23I9KR1[00m:[01;34m~/i240b/submit/lab10/exercises/1-fact[00m$ ./test-main gedit fact.cc &[3P./test-main make -f ../Makefile test-main[9Pgedit test-main.cc &make -f ../Makefile test-main
g++ -I /home/ycdjun/cs240/include -MT fact.o -MMD -MP -MF .deps/fact.d -g -Wall -std=c++17 -c fact.cc
g++ test-main.o fact.o -o test-main
]0;ycdjun@DESKTOP-23I9KR1: ~/i240b/submit/lab10/exercises/1-fact[01;32mycdjun@DESKTOP-23I9KR1[00m:[01;34m~/i240b/submit/lab10/exercises/1-fact[00m$ make -f ../Makefile test-main[17P./test-main 

~~~~~~~~~~~~~~~~~~~~~~~~~~~~~~~~~~~~~~~~~~~~~~~~~~~~~~~~~~~~~~~~~~~~~~~~~~~~~~~
[0;37mtest-main is a Catch v2.11.3 host application.
Run with -? for options

[0m-------------------------------------------------------------------------------
[0mFactorials are computed
[0m-------------------------------------------------------------------------------
[0;37mtest-main.cc:7
...............................................................................

[0m[0;37mtest-main.cc:8: [0m[1;31mFAILED:
[0m[0;36m  REQUIRE( fact(0) == 1 )
[0mwith expansion:
[1;33m  0 == 1
[0m
[1;31m===============================================================================[0m[1;33m[0m[0;32m[0m
test cases: 1[0;37m | [0m[1;31m1 failed[0m
assertions: 1[0;37m | [0m[1;31m1 failed[0m

]0;ycdjun@DESKTOP-23I9KR1: ~/i240b/submit/lab10/exercises/1-fact[01;32mycdjun@DESKTOP-23I9KR1[00m:[01;34m~/i240b/submit/lab10/exercises/1-fact[00m$ ./test-main make -f ../Makefile test-main[17P./test-main gedit fact.cc &[3P./test-main make -f ../Makefile test-main[9Pgedit test-main.cc &[12P./main 0[K\[K[K[K[K[K[K[K[Kls
fact.cc  fact.hh  fact.o  [0m[01;32mmain[0m  main.cc  main.o  [01;32mtest-main[0m  test-main.cc  test-main.o
]0;ycdjun@DESKTOP-23I9KR1: ~/i240b/submit/lab10/exercises/1-fact[01;32mycdjun@DESKTOP-23I9KR1[00m:[01;34m~/i240b/submit/lab10/exercises/1-fact[00m$ ls./test-main make -f ../Makefile test-main[17P./test-main gedit fact.cc &[3P./test-main make -f ../Makefile test-main[17P./test-main gedit fact.cc &[3P./test-main make -f ../Makefile test-main
make: 'test-main' is up to date.
]0;ycdjun@DESKTOP-23I9KR1: ~/i240b/submit/lab10/exercises/1-fact[01;32mycdjun@DESKTOP-23I9KR1[00m:[01;34m~/i240b/submit/lab10/exercises/1-fact[00m$ make -f ../Makefile test-mainls[K./test-main make -f ../Makefile test-main[17P./test-main gedit fact.cc &
[1] 278
]0;ycdjun@DESKTOP-23I9KR1: ~/i240b/submit/lab10/exercises/1-fact[01;32mycdjun@DESKTOP-23I9KR1[00m:[01;34m~/i240b/submit/lab10/exercises/1-fact[00m$ 
** (gedit:278): [1;33mWARNING[0m **: [34m23:41:24.335[0m: Set document metadata failed: Setting attribute metadata::gedit-spell-language not supported

** (gedit:278): [1;33mWARNING[0m **: [34m23:41:24.335[0m: Set document metadata failed: Setting attribute metadata::gedit-encoding not supported

** (gedit:278): [1;33mWARNING[0m **: [34m23:41:25.305[0m: Set document metadata failed: Setting attribute metadata::gedit-position not supported

[1]+  Done                    gedit fact.cc
]0;ycdjun@DESKTOP-23I9KR1: ~/i240b/submit/lab10/exercises/1-fact[01;32mycdjun@DESKTOP-23I9KR1[00m:[01;34m~/i240b/submit/lab10/exercises/1-fact[00m$ gedit fact.cc &make -f ../Makefile test-main
g++ -I /home/ycdjun/cs240/include -MT fact.o -MMD -MP -MF .deps/fact.d -g -Wall -std=c++17 -c fact.cc
g++ test-main.o fact.o -o test-main
]0;ycdjun@DESKTOP-23I9KR1: ~/i240b/submit/lab10/exercises/1-fact[01;32mycdjun@DESKTOP-23I9KR1[00m:[01;34m~/i240b/submit/lab10/exercises/1-fact[00m$ make -f ../Makefile test-main[14Pgedit fact.cc &make -f ../Makefile test-main[14Pgedit fact.cc &make -f ../Makefile test-main[Kmake -f ../Makefile test-main[14Pgedit fact.cc &make -f ../Makefile test-mainls[K./test-main 
[1;31m[0m[1;33m[0m[1;32m===============================================================================[0m
[1;32mAll tests passed[0m (5 assertions in 1 test case)

]0;ycdjun@DESKTOP-23I9KR1: ~/i240b/submit/lab10/exercises/1-fact[01;32mycdjun@DESKTOP-23I9KR1[00m:[01;34m~/i240b/submit/lab10/exercises/1-fact[00m$ cd ..
]0;ycdjun@DESKTOP-23I9KR1: ~/i240b/submit/lab10/exercises[01;32mycdjun@DESKTOP-23I9KR1[00m:[01;34m~/i240b/submit/lab10/exercises[00m$ cc [K[Kd 2 [K-tdd/
]0;ycdjun@DESKTOP-23I9KR1: ~/i240b/submit/lab10/exercises/2-tdd[01;32mycdjun@DESKTOP-23I9KR1[00m:[01;34m~/i240b/submit/lab10/exercises/2-tdd[00m$ ls
digit-sum.cc  digit-sum.hh  main.cc  test-main.cc
]0;ycdjun@DESKTOP-23I9KR1: ~/i240b/submit/lab10/exercises/2-tdd[01;32mycdjun@DESKTOP-23I9KR1[00m:[01;34m~/i240b/submit/lab10/exercises/2-tdd[00m$ lscd 2-tdd/[4P.../test-main make -f ../Makefile test-main
g++ -I /home/ycdjun/cs240/include -MT test-main.o -MMD -MP -MF .deps/test-main.d -g -Wall -std=c++17 -c test-main.cc
g++ -I /home/ycdjun/cs240/include -MT digit-sum.o -MMD -MP -MF .deps/digit-sum.d -g -Wall -std=c++17 -c digit-sum.cc
[01m[Kdigit-sum.cc:[m[K In function â€˜[01m[Kint digitSum(const char*)[m[Kâ€™:
[01m[Kdigit-sum.cc:8:1:[m[K [01;35m[Kwarning: [m[Kno return statement in function returning non-void [[01;35m[K-Wreturn-type[m[K]
 [01;35m[K}[m[K
 [01;35m[K^[m[K
g++ test-main.o digit-sum.o -o test-main
]0;ycdjun@DESKTOP-23I9KR1: ~/i240b/submit/lab10/exercises/2-tdd[01;32mycdjun@DESKTOP-23I9KR1[00m:[01;34m~/i240b/submit/lab10/exercises/2-tdd[00m$ gedit digit-sum.cc &
[1] 352
]0;ycdjun@DESKTOP-23I9KR1: ~/i240b/submit/lab10/exercises/2-tdd[01;32mycdjun@DESKTOP-23I9KR1[00m:[01;34m~/i240b/submit/lab10/exercises/2-tdd[00m$ 
** (gedit:352): [1;33mWARNING[0m **: [34m23:45:16.850[0m: Set document metadata failed: Setting attribute metadata::gedit-spell-language not supported

** (gedit:352): [1;33mWARNING[0m **: [34m23:45:16.850[0m: Set document metadata failed: Setting attribute metadata::gedit-encoding not supported

** (gedit:352): [1;33mWARNING[0m **: [34m23:45:17.894[0m: Set document metadata failed: Setting attribute metadata::gedit-position not supported

[1]+  Done                    gedit digit-sum.cc
]0;ycdjun@DESKTOP-23I9KR1: ~/i240b/submit/lab10/exercises/2-tdd[01;32mycdjun@DESKTOP-23I9KR1[00m:[01;34m~/i240b/submit/lab10/exercises/2-tdd[00m$ gedit digit-sum.cc &make -f ../Makefile test-main
g++ -I /home/ycdjun/cs240/include -MT digit-sum.o -MMD -MP -MF .deps/digit-sum.d -g -Wall -std=c++17 -c digit-sum.cc
g++ test-main.o digit-sum.o -o test-main
]0;ycdjun@DESKTOP-23I9KR1: ~/i240b/submit/lab10/exercises/2-tdd[01;32mycdjun@DESKTOP-23I9KR1[00m:[01;34m~/i240b/submit/lab10/exercises/2-tdd[00m$ gedit test-main.cc &
[1] 390
]0;ycdjun@DESKTOP-23I9KR1: ~/i240b/submit/lab10/exercises/2-tdd[01;32mycdjun@DESKTOP-23I9KR1[00m:[01;34m~/i240b/submit/lab10/exercises/2-tdd[00m$ 
** (gedit:390): [1;33mWARNING[0m **: [34m23:47:09.689[0m: Set document metadata failed: Setting attribute metadata::gedit-spell-language not supported

** (gedit:390): [1;33mWARNING[0m **: [34m23:47:09.690[0m: Set document metadata failed: Setting attribute metadata::gedit-encoding not supported

** (gedit:390): [1;33mWARNING[0m **: [34m23:47:10.886[0m: Set document metadata failed: Setting attribute metadata::gedit-position not supported

[1]+  Done                    gedit test-main.cc
]0;ycdjun@DESKTOP-23I9KR1: ~/i240b/submit/lab10/exercises/2-tdd[01;32mycdjun@DESKTOP-23I9KR1[00m:[01;34m~/i240b/submit/lab10/exercises/2-tdd[00m$ gedit test-main.cc &make -f ../Makefile test-main
g++ -I /home/ycdjun/cs240/include -MT test-main.o -MMD -MP -MF .deps/test-main.d -g -Wall -std=c++17 -c test-main.cc
g++ test-main.o digit-sum.o -o test-main
]0;ycdjun@DESKTOP-23I9KR1: ~/i240b/submit/lab10/exercises/2-tdd[01;32mycdjun@DESKTOP-23I9KR1[00m:[01;34m~/i240b/submit/lab10/exercises/2-tdd[00m$ ./test-main 
[1;31m[0m[1;33m[0m[1;32m===============================================================================[0m
[1;32mAll tests passed[0m (1 assertion in 1 test case)

]0;ycdjun@DESKTOP-23I9KR1: ~/i240b/submit/lab10/exercises/2-tdd[01;32mycdjun@DESKTOP-23I9KR1[00m:[01;34m~/i240b/submit/lab10/exercises/2-tdd[00m$ ./test-main make -f ../Makefile test-main[9Pgedit test-main.cc &
[1] 427
]0;ycdjun@DESKTOP-23I9KR1: ~/i240b/submit/lab10/exercises/2-tdd[01;32mycdjun@DESKTOP-23I9KR1[00m:[01;34m~/i240b/submit/lab10/exercises/2-tdd[00m$ 
** (gedit:427): [1;33mWARNING[0m **: [34m23:51:25.261[0m: Set document metadata failed: Setting attribute metadata::gedit-position not supported

[1]+  Done                    gedit test-main.cc
]0;ycdjun@DESKTOP-23I9KR1: ~/i240b/submit/lab10/exercises/2-tdd[01;32mycdjun@DESKTOP-23I9KR1[00m:[01;34m~/i240b/submit/lab10/exercises/2-tdd[00m$ gedit test-main.cc &[8P./test-main make -f ../Makefile test-main[17P./test-main gedit test-main.cc &
[1] 435
]0;ycdjun@DESKTOP-23I9KR1: ~/i240b/submit/lab10/exercises/2-tdd[01;32mycdjun@DESKTOP-23I9KR1[00m:[01;34m~/i240b/submit/lab10/exercises/2-tdd[00m$ 
** (gedit:435): [1;33mWARNING[0m **: [34m23:58:56.856[0m: Set document metadata failed: Setting attribute metadata::gedit-spell-language not supported

** (gedit:435): [1;33mWARNING[0m **: [34m23:58:56.857[0m: Set document metadata failed: Setting attribute metadata::gedit-encoding not supported
gedit test-main.cc &[Kgedit test-main.cc &[8P./test-main make -f ../Makefile test-main
g++ -I /home/ycdjun/cs240/include -MT test-main.o -MMD -MP -MF .deps/test-main.d -g -Wall -std=c++17 -c test-main.cc
g++ test-main.o digit-sum.o -o test-main
[1]+  Done                    gedit test-main.cc
]0;ycdjun@DESKTOP-23I9KR1: ~/i240b/submit/lab10/exercises/2-tdd[01;32mycdjun@DESKTOP-23I9KR1[00m:[01;34m~/i240b/submit/lab10/exercises/2-tdd[00m$ make -f ../Makefile test-main[9Pgedit test-main.cc &[8P./test-main make -f ../Makefile test-main[17P./test-main 

~~~~~~~~~~~~~~~~~~~~~~~~~~~~~~~~~~~~~~~~~~~~~~~~~~~~~~~~~~~~~~~~~~~~~~~~~~~~~~~
[0;37mtest-main is a Catch v2.11.3 host application.
Run with -? for options

[0m-------------------------------------------------------------------------------
[0mdigit sums computed
[0m-------------------------------------------------------------------------------
[0;37mtest-main.cc:7
...............................................................................

[0m[0;37mtest-main.cc:10: [0m[1;31mFAILED:
[0m[0;36m  REQUIRE( digitSum("7") == 7 )
[0mwith expansion:
[1;33m  0 == 7
[0m
[1;31m===============================================================================[0m[1;33m[0m[0;32m[0m
test cases: 1[0;37m | [0m[1;31m1 failed[0m
assertions: 3[0;37m | [0m[0;32m2 passed[0m[0;37m | [0m[1;31m1 failed[0m

]0;ycdjun@DESKTOP-23I9KR1: ~/i240b/submit/lab10/exercises/2-tdd[01;32mycdjun@DESKTOP-23I9KR1[00m:[01;34m~/i240b/submit/lab10/exercises/2-tdd[00m$ [K]0;ycdjun@DESKTOP-23I9KR1: ~/i240b/submit/lab10/exercises/2-tdd[01;32mycdjun@DESKTOP-23I9KR1[00m:[01;34m~/i240b/submit/lab10/exercises/2-tdd[00m$ [K]0;ycdjun@DESKTOP-23I9KR1: ~/i240b/submit/lab10/exercises/2-tdd[01;32mycdjun@DESKTOP-23I9KR1[00m:[01;34m~/i240b/submit/lab10/exercises/2-tdd[00m$ [K]0;ycdjun@DESKTOP-23I9KR1: ~/i240b/submit/lab10/exercises/2-tdd[01;32mycdjun@DESKTOP-23I9KR1[00m:[01;34m~/i240b/submit/lab10/exercises/2-tdd[00m$ [K]0;ycdjun@DESKTOP-23I9KR1: ~/i240b/submit/lab10/exercises/2-tdd[01;32mycdjun@DESKTOP-23I9KR1[00m:[01;34m~/i240b/submit/lab10/exercises/2-tdd[00m$ [K]0;ycdjun@DESKTOP-23I9KR1: ~/i240b/submit/lab10/exercises/2-tdd[01;32mycdjun@DESKTOP-23I9KR1[00m:[01;34m~/i240b/submit/lab10/exercises/2-tdd[00m$ [K]0;ycdjun@DESKTOP-23I9KR1: ~/i240b/submit/lab10/exercises/2-tdd[01;32mycdjun@DESKTOP-23I9KR1[00m:[01;34m~/i240b/submit/lab10/exercises/2-tdd[00m$ [K]0;ycdjun@DESKTOP-23I9KR1: ~/i240b/submit/lab10/exercises/2-tdd[01;32mycdjun@DESKTOP-23I9KR1[00m:[01;34m~/i240b/submit/lab10/exercises/2-tdd[00m$ [K]0;ycdjun@DESKTOP-23I9KR1: ~/i240b/submit/lab10/exercises/2-tdd[01;32mycdjun@DESKTOP-23I9KR1[00m:[01;34m~/i240b/submit/lab10/exercises/2-tdd[00m$ [K]0;ycdjun@DESKTOP-23I9KR1: ~/i240b/submit/lab10/exercises/2-tdd[01;32mycdjun@DESKTOP-23I9KR1[00m:[01;34m~/i240b/submit/lab10/exercises/2-tdd[00m$ [K]0;ycdjun@DESKTOP-23I9KR1: ~/i240b/submit/lab10/exercises/2-tdd[01;32mycdjun@DESKTOP-23I9KR1[00m:[01;34m~/i240b/submit/lab10/exercises/2-tdd[00m$ [K]0;ycdjun@DESKTOP-23I9KR1: ~/i240b/submit/lab10/exercises/2-tdd[01;32mycdjun@DESKTOP-23I9KR1[00m:[01;34m~/i240b/submit/lab10/exercises/2-tdd[00m$ [K]0;ycdjun@DESKTOP-23I9KR1: ~/i240b/submit/lab10/exercises/2-tdd[01;32mycdjun@DESKTOP-23I9KR1[00m:[01;34m~/i240b/submit/lab10/exercises/2-tdd[00m$ [K]0;ycdjun@DESKTOP-23I9KR1: ~/i240b/submit/lab10/exercises/2-tdd[01;32mycdjun@DESKTOP-23I9KR1[00m:[01;34m~/i240b/submit/lab10/exercises/2-tdd[00m$ [K]0;ycdjun@DESKTOP-23I9KR1: ~/i240b/submit/lab10/exercises/2-tdd[01;32mycdjun@DESKTOP-23I9KR1[00m:[01;34m~/i240b/submit/lab10/exercises/2-tdd[00m$ [K]0;ycdjun@DESKTOP-23I9KR1: ~/i240b/submit/lab10/exercises/2-tdd[01;32mycdjun@DESKTOP-23I9KR1[00m:[01;34m~/i240b/submit/lab10/exercises/2-tdd[00m$ [K]0;ycdjun@DESKTOP-23I9KR1: ~/i240b/submit/lab10/exercises/2-tdd[01;32mycdjun@DESKTOP-23I9KR1[00m:[01;34m~/i240b/submit/lab10/exercises/2-tdd[00m$ [K]0;ycdjun@DESKTOP-23I9KR1: ~/i240b/submit/lab10/exercises/2-tdd[01;32mycdjun@DESKTOP-23I9KR1[00m:[01;34m~/i240b/submit/lab10/exercises/2-tdd[00m$ [K]0;ycdjun@DESKTOP-23I9KR1: ~/i240b/submit/lab10/exercises/2-tdd[01;32mycdjun@DESKTOP-23I9KR1[00m:[01;34m~/i240b/submit/lab10/exercises/2-tdd[00m$ [K]0;ycdjun@DESKTOP-23I9KR1: ~/i240b/submit/lab10/exercises/2-tdd[01;32mycdjun@DESKTOP-23I9KR1[00m:[01;34m~/i240b/submit/lab10/exercises/2-tdd[00m$ [K]0;ycdjun@DESKTOP-23I9KR1: ~/i240b/submit/lab10/exercises/2-tdd[01;32mycdjun@DESKTOP-23I9KR1[00m:[01;34m~/i240b/submit/lab10/exercises/2-tdd[00m$ [K]0;ycdjun@DESKTOP-23I9KR1: ~/i240b/submit/lab10/exercises/2-tdd[01;32mycdjun@DESKTOP-23I9KR1[00m:[01;34m~/i240b/submit/lab10/exercises/2-tdd[00m$ gedit digit-sum.cc &
[1] 474
]0;ycdjun@DESKTOP-23I9KR1: ~/i240b/submit/lab10/exercises/2-tdd[01;32mycdjun@DESKTOP-23I9KR1[00m:[01;34m~/i240b/submit/lab10/exercises/2-tdd[00m$ 
** (gedit:474): [1;33mWARNING[0m **: [34m00:11:09.532[0m: Set document metadata failed: Setting attribute metadata::gedit-spell-language not supported

** (gedit:474): [1;33mWARNING[0m **: [34m00:11:09.534[0m: Set document metadata failed: Setting attribute metadata::gedit-encoding not supported

** (gedit:474): [1;33mWARNING[0m **: [34m00:11:13.803[0m: Set document metadata failed: Setting attribute metadata::gedit-position not supported

[1]+  Done                    gedit digit-sum.cc
]0;ycdjun@DESKTOP-23I9KR1: ~/i240b/submit/lab10/exercises/2-tdd[01;32mycdjun@DESKTOP-23I9KR1[00m:[01;34m~/i240b/submit/lab10/exercises/2-tdd[00m$ gedit digit-sum.cc &[8P./test-main make -f ../Makefile test-main
g++ -I /home/ycdjun/cs240/include -MT digit-sum.o -MMD -MP -MF .deps/digit-sum.d -g -Wall -std=c++17 -c digit-sum.cc
g++ test-main.o digit-sum.o -o test-main
]0;ycdjun@DESKTOP-23I9KR1: ~/i240b/submit/lab10/exercises/2-tdd[01;32mycdjun@DESKTOP-23I9KR1[00m:[01;34m~/i240b/submit/lab10/exercises/2-tdd[00m$ make -f ../Makefile test-main[9Pgedit digit-sum.cc &[8P./test-main 
[1;31m[0m[1;33m[0m[1;32m===============================================================================[0m
[1;32mAll tests passed[0m (3 assertions in 1 test case)

]0;ycdjun@DESKTOP-23I9KR1: ~/i240b/submit/lab10/exercises/2-tdd[01;32mycdjun@DESKTOP-23I9KR1[00m:[01;34m~/i240b/submit/lab10/exercises/2-tdd[00m$ ./test-main make -f ../Makefile test-main[9Pgedit digit-sum.cc &[8P./test-main make -f ../Makefile test-main[9Pgedit test-main.cc &[8P./test-main gedit test-main.cc &
[1] 511
]0;ycdjun@DESKTOP-23I9KR1: ~/i240b/submit/lab10/exercises/2-tdd[01;32mycdjun@DESKTOP-23I9KR1[00m:[01;34m~/i240b/submit/lab10/exercises/2-tdd[00m$ 
** (gedit:511): [1;33mWARNING[0m **: [34m00:13:25.894[0m: Set document metadata failed: Setting attribute metadata::gedit-spell-language not supported

** (gedit:511): [1;33mWARNING[0m **: [34m00:13:25.899[0m: Set document metadata failed: Setting attribute metadata::gedit-encoding not supported

** (gedit:511): [1;33mWARNING[0m **: [34m00:13:33.463[0m: Set document metadata failed: Setting attribute metadata::gedit-position not supported

[1]+  Done                    gedit test-main.cc
]0;ycdjun@DESKTOP-23I9KR1: ~/i240b/submit/lab10/exercises/2-tdd[01;32mycdjun@DESKTOP-23I9KR1[00m:[01;34m~/i240b/submit/lab10/exercises/2-tdd[00m$ gedit test-main.cc &[8P./test-main gedit test-main.cc &[8P./test-main gedit test-main.cc &[8P./test-main make -f ../Makefile test-main
g++ -I /home/ycdjun/cs240/include -MT test-main.o -MMD -MP -MF .deps/test-main.d -g -Wall -std=c++17 -c test-main.cc
g++ test-main.o digit-sum.o -o test-main
]0;ycdjun@DESKTOP-23I9KR1: ~/i240b/submit/lab10/exercises/2-tdd[01;32mycdjun@DESKTOP-23I9KR1[00m:[01;34m~/i240b/submit/lab10/exercises/2-tdd[00m$ make -f ../Makefile test-main[9Pgedit test-main.cc &[8P./test-main 
[1;31m[0m[1;33m[0m[1;32m===============================================================================[0m
[1;32mAll tests passed[0m (10 assertions in 1 test case)

]0;ycdjun@DESKTOP-23I9KR1: ~/i240b/submit/lab10/exercises/2-tdd[01;32mycdjun@DESKTOP-23I9KR1[00m:[01;34m~/i240b/submit/lab10/exercises/2-tdd[00m$ ./test-main make -f ../Makefile test-main[9Pgedit test-main.cc &
[1] 548
]0;ycdjun@DESKTOP-23I9KR1: ~/i240b/submit/lab10/exercises/2-tdd[01;32mycdjun@DESKTOP-23I9KR1[00m:[01;34m~/i240b/submit/lab10/exercises/2-tdd[00m$ 
** (gedit:548): [1;33mWARNING[0m **: [34m00:17:20.195[0m: Set document metadata failed: Setting attribute metadata::gedit-spell-language not supported

** (gedit:548): [1;33mWARNING[0m **: [34m00:17:20.197[0m: Set document metadata failed: Setting attribute metadata::gedit-encoding not supported

]0;ycdjun@DESKTOP-23I9KR1: ~/i240b/submit/lab10/exercises/2-tdd[01;32mycdjun@DESKTOP-23I9KR1[00m:[01;34m~/i240b/submit/lab10/exercises/2-tdd[00m$ gedit test-main.cc &[8P./test-main make -f ../Makefile test-main
g++ -I /home/ycdjun/cs240/include -MT test-main.o -MMD -MP -MF .deps/test-main.d -g -Wall -std=c++17 -c test-main.cc
g++ test-main.o digit-sum.o -o test-main
]0;ycdjun@DESKTOP-23I9KR1: ~/i240b/submit/lab10/exercises/2-tdd[01;32mycdjun@DESKTOP-23I9KR1[00m:[01;34m~/i240b/submit/lab10/exercises/2-tdd[00m$ make -f ../Makefile test-main[9Pgedit test-main.cc &[8P./test-main make -f ../Makefile test-main
make: 'test-main' is up to date.
]0;ycdjun@DESKTOP-23I9KR1: ~/i240b/submit/lab10/exercises/2-tdd[01;32mycdjun@DESKTOP-23I9KR1[00m:[01;34m~/i240b/submit/lab10/exercises/2-tdd[00m$ make -f ../Makefile test-main[9Pgedit test-main.cc &[8P./test-main 
[1;31m[0m[1;33m[0m[1;32m===============================================================================[0m
[1;32mAll tests passed[0m (10 assertions in 1 test case)

]0;ycdjun@DESKTOP-23I9KR1: ~/i240b/submit/lab10/exercises/2-tdd[01;32mycdjun@DESKTOP-23I9KR1[00m:[01;34m~/i240b/submit/lab10/exercises/2-tdd[00m$ 
** (gedit:548): [1;33mWARNING[0m **: [34m00:17:58.103[0m: Set document metadata failed: Setting attribute metadata::gedit-position not supported

[1]+  Done                    gedit test-main.cc
]0;ycdjun@DESKTOP-23I9KR1: ~/i240b/submit/lab10/exercises/2-tdd[01;32mycdjun@DESKTOP-23I9KR1[00m:[01;34m~/i240b/submit/lab10/exercises/2-tdd[00m$ f[Kgedit [K[K[K[K[K[Kgeid[K[Kdit [K[K[K[K[K[KCD .. [K[K[K[K[K[KCD [K[K[Kd ..[K[K[K[Kcd ..
]0;ycdjun@DESKTOP-23I9KR1: ~/i240b/submit/lab10/exercises[01;32mycdjun@DESKTOP-23I9KR1[00m:[01;34m~/i240b/submit/lab10/exercises[00m$ cd ..?[K[K[K~/
]0;ycdjun@DESKTOP-23I9KR1: ~[01;32mycdjun@DESKTOP-23I9KR1[00m:[01;34m~[00m$ cd ~/i240b/b[Kl[Ksubmit/
]0;ycdjun@DESKTOP-23I9KR1: ~/i240b/submit[01;32mycdjun@DESKTOP-23I9KR1[00m:[01;34m~/i240b/submit[00m$ exit

Script done on 2020-04-18 00:20:16-0400
